生成启动时间为 2015/10/15 16:36:18。
     1>项目“C:\Users\Infertom-PC\Documents\Visual Studio 2010\Projects\hiho\hiho\hiho.vcxproj”在节点 2 上(build 个目标)。
     1>InitializeBuildStatus:
         正在创建“Debug\hiho.unsuccessfulbuild”，因为已指定“AlwaysCreate”。
       ClCompile:
         D:\Microsoft Visual Studio 10.0\VC\bin\CL.exe /c /ZI /nologo /W3 /WX- /Od /Oy- /D WIN32 /D _DEBUG /D _CONSOLE /D _UNICODE /D UNICODE /Gm /EHsc /RTC1 /MDd /GS /fp:precise /Zc:wchar_t /Zc:forScope /Fo"Debug\\" /Fd"Debug\vc100.pdb" /Gd /TP /analyze- /errorReport:prompt 1242.cpp
         1242.cpp
     1>c:\users\infertom-pc\documents\visual studio 2010\projects\hiho\hiho\1242.cpp(99): warning C4996: 'freopen': This function or variable may be unsafe. Consider using freopen_s instead. To disable deprecation, use _CRT_SECURE_NO_WARNINGS. See online help for details.
                 d:\microsoft visual studio 10.0\vc\include\stdio.h(249) : 参见“freopen”的声明
     1>c:\users\infertom-pc\documents\visual studio 2010\projects\hiho\hiho\1242.cpp(101): warning C4996: 'scanf': This function or variable may be unsafe. Consider using scanf_s instead. To disable deprecation, use _CRT_SECURE_NO_WARNINGS. See online help for details.
                 d:\microsoft visual studio 10.0\vc\include\stdio.h(304) : 参见“scanf”的声明
     1>c:\users\infertom-pc\documents\visual studio 2010\projects\hiho\hiho\1242.cpp(104): warning C4996: 'scanf': This function or variable may be unsafe. Consider using scanf_s instead. To disable deprecation, use _CRT_SECURE_NO_WARNINGS. See online help for details.
                 d:\microsoft visual studio 10.0\vc\include\stdio.h(304) : 参见“scanf”的声明
     1>c:\users\infertom-pc\documents\visual studio 2010\projects\hiho\hiho\1242.cpp(109): warning C4996: 'scanf': This function or variable may be unsafe. Consider using scanf_s instead. To disable deprecation, use _CRT_SECURE_NO_WARNINGS. See online help for details.
                 d:\microsoft visual studio 10.0\vc\include\stdio.h(304) : 参见“scanf”的声明
     1>c:\users\infertom-pc\documents\visual studio 2010\projects\hiho\hiho\1242.cpp(113): warning C4244: “初始化”: 从“double”转换到“int”，可能丢失数据
     1>c:\users\infertom-pc\documents\visual studio 2010\projects\hiho\hiho\1242.cpp(95): warning C4715: “judge”: 不是所有的控件路径都返回值
       ManifestResourceCompile:
         所有输出均为最新。
       Link:
         D:\Microsoft Visual Studio 10.0\VC\bin\link.exe /ERRORREPORT:PROMPT /OUT:"C:\Users\Infertom-PC\Documents\Visual Studio 2010\Projects\hiho\Debug\hiho.exe" /INCREMENTAL /NOLOGO kernel32.lib user32.lib gdi32.lib winspool.lib comdlg32.lib advapi32.lib shell32.lib ole32.lib oleaut32.lib uuid.lib odbc32.lib odbccp32.lib /MANIFEST /ManifestFile:"Debug\hiho.exe.intermediate.manifest" /MANIFESTUAC:"level='asInvoker' uiAccess='false'" /DEBUG /PDB:"C:\Users\Infertom-PC\Documents\Visual Studio 2010\Projects\hiho\Debug\hiho.pdb" /SUBSYSTEM:CONSOLE /TLBID:1 /DYNAMICBASE /NXCOMPAT /IMPLIB:"C:\Users\Infertom-PC\Documents\Visual Studio 2010\Projects\hiho\Debug\hiho.lib" /MACHINE:X86 Debug\hiho.exe.embed.manifest.res
         Debug\1033.obj
         Debug\1241.obj
         Debug\1242.obj
         "Debug\56_高斯消元.obj"
       Manifest:
         C:\Program Files (x86)\Microsoft SDKs\Windows\v7.0A\bin\mt.exe /nologo /verbose /out:"Debug\hiho.exe.embed.manifest" /manifest Debug\hiho.exe.intermediate.manifest
         所有输出均为最新。
       LinkEmbedManifest:
         所有输出均为最新。
         hiho.vcxproj -> C:\Users\Infertom-PC\Documents\Visual Studio 2010\Projects\hiho\Debug\hiho.exe
       FinalizeBuildStatus:
         正在删除文件“Debug\hiho.unsuccessfulbuild”。
         正在对“Debug\hiho.lastbuildstate”执行 Touch 任务。
     1>已完成生成项目“C:\Users\Infertom-PC\Documents\Visual Studio 2010\Projects\hiho\hiho\hiho.vcxproj”(build 个目标)的操作。

生成成功。

已用时间 00:00:03.47
